<?xml version="1.0" encoding="UTF-8"?>
<coverage generated="1735871934746" clover="3.2.0">
  <project timestamp="1735871934746" name="All files">
    <metrics statements="47" coveredstatements="47" conditionals="10" coveredconditionals="10" methods="16" coveredmethods="16" elements="73" coveredelements="73" complexity="0" loc="47" ncloc="47" packages="8" files="9" classes="9"/>
    <package name="client">
      <metrics statements="2" coveredstatements="2" conditionals="0" coveredconditionals="0" methods="0" coveredmethods="0"/>
      <file name="fileMock.cjs" path="C:\Users\Xavia\OneDrive\Documents\All Coding Stuff\Cinemern\client\fileMock.cjs">
        <metrics statements="1" coveredstatements="1" conditionals="0" coveredconditionals="0" methods="0" coveredmethods="0"/>
        <line num="1" count="1" type="stmt"/>
      </file>
      <file name="styleMock.cjs" path="C:\Users\Xavia\OneDrive\Documents\All Coding Stuff\Cinemern\client\styleMock.cjs">
        <metrics statements="1" coveredstatements="1" conditionals="0" coveredconditionals="0" methods="0" coveredmethods="0"/>
        <line num="1" count="1" type="stmt"/>
      </file>
    </package>
    <package name="client.src.components.ScreenMovieSlide">
      <metrics statements="3" coveredstatements="3" conditionals="0" coveredconditionals="0" methods="1" coveredmethods="1"/>
      <file name="ScreenMovieSlide.jsx" path="C:\Users\Xavia\OneDrive\Documents\All Coding Stuff\Cinemern\client\src\components\ScreenMovieSlide\ScreenMovieSlide.jsx">
        <metrics statements="3" coveredstatements="3" conditionals="0" coveredconditionals="0" methods="1" coveredmethods="1"/>
        <line num="7" count="1" type="stmt"/>
        <line num="8" count="20" type="stmt"/>
        <line num="10" count="20" type="stmt"/>
      </file>
    </package>
    <package name="client.src.context">
      <metrics statements="4" coveredstatements="4" conditionals="0" coveredconditionals="0" methods="1" coveredmethods="1"/>
      <file name="SideNavigationContext.jsx" path="C:\Users\Xavia\OneDrive\Documents\All Coding Stuff\Cinemern\client\src\context\SideNavigationContext.jsx">
        <metrics statements="4" coveredstatements="4" conditionals="0" coveredconditionals="0" methods="1" coveredmethods="1"/>
        <line num="3" count="1" type="stmt"/>
        <line num="5" count="1" type="stmt"/>
        <line num="6" count="11" type="stmt"/>
        <line num="8" count="11" type="stmt"/>
      </file>
    </package>
    <package name="client.src.layouts.Header">
      <metrics statements="9" coveredstatements="9" conditionals="2" coveredconditionals="2" methods="6" coveredmethods="6"/>
      <file name="Header.jsx" path="C:\Users\Xavia\OneDrive\Documents\All Coding Stuff\Cinemern\client\src\layouts\Header\Header.jsx">
        <metrics statements="9" coveredstatements="9" conditionals="2" coveredconditionals="2" methods="6" coveredmethods="6"/>
        <line num="11" count="1" type="stmt"/>
        <line num="12" count="12" type="stmt"/>
        <line num="13" count="12" type="stmt"/>
        <line num="16" count="12" type="stmt"/>
        <line num="35" count="12" type="stmt"/>
        <line num="36" count="36" type="stmt"/>
        <line num="49" count="12" type="stmt"/>
        <line num="59" count="1" type="stmt"/>
        <line num="90" count="1" type="stmt"/>
      </file>
    </package>
    <package name="client.src.layouts.SideNavigation">
      <metrics statements="7" coveredstatements="7" conditionals="2" coveredconditionals="2" methods="3" coveredmethods="3"/>
      <file name="SideNavigation.jsx" path="C:\Users\Xavia\OneDrive\Documents\All Coding Stuff\Cinemern\client\src\layouts\SideNavigation\SideNavigation.jsx">
        <metrics statements="7" coveredstatements="7" conditionals="2" coveredconditionals="2" methods="3" coveredmethods="3"/>
        <line num="12" count="1" type="stmt"/>
        <line num="13" count="11" type="stmt"/>
        <line num="16" count="11" type="stmt"/>
        <line num="40" count="11" type="stmt"/>
        <line num="41" count="44" type="stmt"/>
        <line num="54" count="11" type="stmt"/>
        <line num="65" count="1" type="stmt"/>
      </file>
    </package>
    <package name="client.src.mocks.mockdata">
      <metrics statements="0" coveredstatements="0" conditionals="0" coveredconditionals="0" methods="0" coveredmethods="0"/>
      <file name="nowPlayingMovies.mockdata.js" path="C:\Users\Xavia\OneDrive\Documents\All Coding Stuff\Cinemern\client\src\mocks\mockdata\nowPlayingMovies.mockdata.js">
        <metrics statements="0" coveredstatements="0" conditionals="0" coveredconditionals="0" methods="0" coveredmethods="0"/>
      </file>
    </package>
    <package name="client.src.pages.Home">
      <metrics statements="13" coveredstatements="13" conditionals="2" coveredconditionals="2" methods="4" coveredmethods="4"/>
      <file name="Home.jsx" path="C:\Users\Xavia\OneDrive\Documents\All Coding Stuff\Cinemern\client\src\pages\Home\Home.jsx">
        <metrics statements="13" coveredstatements="13" conditionals="2" coveredconditionals="2" methods="4" coveredmethods="4"/>
        <line num="11" count="1" type="stmt"/>
        <line num="12" count="9" type="stmt"/>
        <line num="13" count="9" type="stmt"/>
        <line num="16" count="5" type="stmt"/>
        <line num="17" count="5" type="stmt"/>
        <line num="18" count="1" type="stmt"/>
        <line num="19" count="1" type="stmt"/>
        <line num="21" count="4" type="stmt"/>
        <line num="25" count="9" type="stmt"/>
        <line num="26" count="5" type="stmt"/>
        <line num="30" count="9" type="stmt"/>
        <line num="31" count="20" type="stmt"/>
        <line num="38" count="9" type="stmt"/>
      </file>
    </package>
    <package name="client.src.services">
      <metrics statements="9" coveredstatements="9" conditionals="4" coveredconditionals="4" methods="1" coveredmethods="1"/>
      <file name="movies.services.js" path="C:\Users\Xavia\OneDrive\Documents\All Coding Stuff\Cinemern\client\src\services\movies.services.js">
        <metrics statements="9" coveredstatements="9" conditionals="4" coveredconditionals="4" methods="1" coveredmethods="1"/>
        <line num="4" count="5" type="stmt"/>
        <line num="5" count="5" type="stmt"/>
        <line num="6" count="5" type="stmt"/>
        <line num="7" count="1" type="stmt"/>
        <line num="9" count="4" type="stmt"/>
        <line num="10" count="4" type="stmt"/>
        <line num="12" count="4" type="cond" truecount="4" falsecount="0"/>
        <line num="13" count="1" type="stmt"/>
        <line num="16" count="3" type="stmt"/>
      </file>
    </package>
  </project>
</coverage>
