{"C:\\Users\\Xavia\\OneDrive\\Documents\\All Coding Stuff\\Cinemern\\client\\fileMock.cjs": {"path":"C:\\Users\\Xavia\\OneDrive\\Documents\\All Coding Stuff\\Cinemern\\client\\fileMock.cjs","statementMap":{"0":{"start":{"line":1,"column":0},"end":{"line":1,"column":34}}},"fnMap":{},"branchMap":{},"s":{"0":1},"f":{},"b":{},"inputSourceMap":null,"_coverageSchema":"1a1c01bbd47fc00a2c39e90264f33305004495a9","hash":"d3ca8147af38c0082a2c2282bb1a2167fb0d194c"}
,"C:\\Users\\Xavia\\OneDrive\\Documents\\All Coding Stuff\\Cinemern\\client\\styleMock.cjs": {"path":"C:\\Users\\Xavia\\OneDrive\\Documents\\All Coding Stuff\\Cinemern\\client\\styleMock.cjs","statementMap":{"0":{"start":{"line":1,"column":0},"end":{"line":1,"column":20}}},"fnMap":{},"branchMap":{},"s":{"0":1},"f":{},"b":{},"inputSourceMap":null,"_coverageSchema":"1a1c01bbd47fc00a2c39e90264f33305004495a9","hash":"6ac3932c6b5c49b94a856417e494f9e2e841d73a"}
,"C:\\Users\\Xavia\\OneDrive\\Documents\\All Coding Stuff\\Cinemern\\client\\src\\components\\ScreenMovieSlide\\ScreenMovieSlide.jsx": {"path":"C:\\Users\\Xavia\\OneDrive\\Documents\\All Coding Stuff\\Cinemern\\client\\src\\components\\ScreenMovieSlide\\ScreenMovieSlide.jsx","statementMap":{"0":{"start":{"line":7,"column":32},"end":{"line":38,"column":1}},"1":{"start":{"line":8,"column":19},"end":{"line":8,"column":78}},"2":{"start":{"line":10,"column":2},"end":{"line":37,"column":4}}},"fnMap":{"0":{"name":"(anonymous_0)","decl":{"start":{"line":7,"column":32},"end":{"line":7,"column":33}},"loc":{"start":{"line":7,"column":46},"end":{"line":38,"column":1}},"line":7}},"branchMap":{},"s":{"0":1,"1":20,"2":20},"f":{"0":20},"b":{},"_coverageSchema":"1a1c01bbd47fc00a2c39e90264f33305004495a9","hash":"b5c411f342d648f3f5117cf3a3ccc1c7686ac95d"}
,"C:\\Users\\Xavia\\OneDrive\\Documents\\All Coding Stuff\\Cinemern\\client\\src\\context\\SideNavigationContext.jsx": {"path":"C:\\Users\\Xavia\\OneDrive\\Documents\\All Coding Stuff\\Cinemern\\client\\src\\context\\SideNavigationContext.jsx","statementMap":{"0":{"start":{"line":3,"column":37},"end":{"line":3,"column":54}},"1":{"start":{"line":5,"column":38},"end":{"line":13,"column":1}},"2":{"start":{"line":6,"column":30},"end":{"line":6,"column":45}},"3":{"start":{"line":8,"column":2},"end":{"line":12,"column":4}}},"fnMap":{"0":{"name":"(anonymous_0)","decl":{"start":{"line":5,"column":38},"end":{"line":5,"column":39}},"loc":{"start":{"line":5,"column":56},"end":{"line":13,"column":1}},"line":5}},"branchMap":{},"s":{"0":1,"1":1,"2":11,"3":11},"f":{"0":11},"b":{},"_coverageSchema":"1a1c01bbd47fc00a2c39e90264f33305004495a9","hash":"b71208574c287c4aceef4ca9c71703979243f0dd"}
,"C:\\Users\\Xavia\\OneDrive\\Documents\\All Coding Stuff\\Cinemern\\client\\src\\layouts\\Header\\Header.jsx": {"path":"C:\\Users\\Xavia\\OneDrive\\Documents\\All Coding Stuff\\Cinemern\\client\\src\\layouts\\Header\\Header.jsx","statementMap":{"0":{"start":{"line":11,"column":22},"end":{"line":98,"column":1}},"1":{"start":{"line":12,"column":32},"end":{"line":12,"column":65}},"2":{"start":{"line":13,"column":60},"end":{"line":13,"column":75}},"3":{"start":{"line":16,"column":16},"end":{"line":32,"column":3}},"4":{"start":{"line":35,"column":19},"end":{"line":47,"column":4}},"5":{"start":{"line":36,"column":4},"end":{"line":46,"column":6}},"6":{"start":{"line":49,"column":2},"end":{"line":97,"column":4}},"7":{"start":{"line":59,"column":27},"end":{"line":59,"column":68}},"8":{"start":{"line":59,"column":62},"end":{"line":59,"column":67}},"9":{"start":{"line":90,"column":14},"end":{"line":90,"column":41}},"10":{"start":{"line":90,"column":34},"end":{"line":90,"column":39}}},"fnMap":{"0":{"name":"(anonymous_0)","decl":{"start":{"line":11,"column":22},"end":{"line":11,"column":23}},"loc":{"start":{"line":11,"column":28},"end":{"line":98,"column":1}},"line":11},"1":{"name":"(anonymous_1)","decl":{"start":{"line":35,"column":29},"end":{"line":35,"column":30}},"loc":{"start":{"line":35,"column":36},"end":{"line":47,"column":3}},"line":35},"2":{"name":"(anonymous_2)","decl":{"start":{"line":59,"column":21},"end":{"line":59,"column":22}},"loc":{"start":{"line":59,"column":27},"end":{"line":59,"column":68}},"line":59},"3":{"name":"(anonymous_3)","decl":{"start":{"line":59,"column":52},"end":{"line":59,"column":53}},"loc":{"start":{"line":59,"column":62},"end":{"line":59,"column":67}},"line":59},"4":{"name":"(anonymous_4)","decl":{"start":{"line":89,"column":22},"end":{"line":89,"column":23}},"loc":{"start":{"line":89,"column":28},"end":{"line":91,"column":13}},"line":89},"5":{"name":"(anonymous_5)","decl":{"start":{"line":90,"column":24},"end":{"line":90,"column":25}},"loc":{"start":{"line":90,"column":34},"end":{"line":90,"column":39}},"line":90}},"branchMap":{"0":{"loc":{"start":{"line":66,"column":11},"end":{"line":75,"column":11}},"type":"binary-expr","locations":[{"start":{"line":66,"column":11},"end":{"line":66,"column":32}},{"start":{"line":67,"column":12},"end":{"line":74,"column":18}}],"line":66}},"s":{"0":1,"1":12,"2":12,"3":12,"4":12,"5":36,"6":12,"7":1,"8":1,"9":1,"10":1},"f":{"0":12,"1":36,"2":1,"3":1,"4":1,"5":1},"b":{"0":[12,1]},"_coverageSchema":"1a1c01bbd47fc00a2c39e90264f33305004495a9","hash":"427974df96cfa0b72c69a419e0cdf1c1630ad823"}
,"C:\\Users\\Xavia\\OneDrive\\Documents\\All Coding Stuff\\Cinemern\\client\\src\\layouts\\SideNavigation\\SideNavigation.jsx": {"path":"C:\\Users\\Xavia\\OneDrive\\Documents\\All Coding Stuff\\Cinemern\\client\\src\\layouts\\SideNavigation\\SideNavigation.jsx","statementMap":{"0":{"start":{"line":12,"column":30},"end":{"line":79,"column":1}},"1":{"start":{"line":13,"column":32},"end":{"line":13,"column":65}},"2":{"start":{"line":16,"column":16},"end":{"line":37,"column":3}},"3":{"start":{"line":40,"column":19},"end":{"line":52,"column":4}},"4":{"start":{"line":41,"column":4},"end":{"line":51,"column":6}},"5":{"start":{"line":54,"column":2},"end":{"line":78,"column":4}},"6":{"start":{"line":65,"column":23},"end":{"line":65,"column":39}}},"fnMap":{"0":{"name":"(anonymous_0)","decl":{"start":{"line":12,"column":30},"end":{"line":12,"column":31}},"loc":{"start":{"line":12,"column":36},"end":{"line":79,"column":1}},"line":12},"1":{"name":"(anonymous_1)","decl":{"start":{"line":40,"column":29},"end":{"line":40,"column":30}},"loc":{"start":{"line":40,"column":36},"end":{"line":52,"column":3}},"line":40},"2":{"name":"(anonymous_2)","decl":{"start":{"line":65,"column":17},"end":{"line":65,"column":18}},"loc":{"start":{"line":65,"column":23},"end":{"line":65,"column":39}},"line":65}},"branchMap":{"0":{"loc":{"start":{"line":57,"column":20},"end":{"line":57,"column":40}},"type":"cond-expr","locations":[{"start":{"line":57,"column":29},"end":{"line":57,"column":30}},{"start":{"line":57,"column":33},"end":{"line":57,"column":40}}],"line":57}},"s":{"0":1,"1":11,"2":11,"3":11,"4":44,"5":11,"6":1},"f":{"0":11,"1":44,"2":1},"b":{"0":[2,9]},"_coverageSchema":"1a1c01bbd47fc00a2c39e90264f33305004495a9","hash":"7f02e527d5f6cde109eccf674a6b28ca51063d0a"}
,"C:\\Users\\Xavia\\OneDrive\\Documents\\All Coding Stuff\\Cinemern\\client\\src\\mocks\\mockdata\\nowPlayingMovies.mockdata.js": {"path":"C:\\Users\\Xavia\\OneDrive\\Documents\\All Coding Stuff\\Cinemern\\client\\src\\mocks\\mockdata\\nowPlayingMovies.mockdata.js","statementMap":{},"fnMap":{},"branchMap":{},"s":{},"f":{},"b":{},"_coverageSchema":"1a1c01bbd47fc00a2c39e90264f33305004495a9","hash":"d88c7a663547de2ab897559bee60ec34d75d6bf2"}
,"C:\\Users\\Xavia\\OneDrive\\Documents\\All Coding Stuff\\Cinemern\\client\\src\\pages\\Home\\Home.jsx": {"path":"C:\\Users\\Xavia\\OneDrive\\Documents\\All Coding Stuff\\Cinemern\\client\\src\\pages\\Home\\Home.jsx","statementMap":{"0":{"start":{"line":11,"column":20},"end":{"line":59,"column":1}},"1":{"start":{"line":12,"column":30},"end":{"line":12,"column":42}},"2":{"start":{"line":13,"column":42},"end":{"line":13,"column":54}},"3":{"start":{"line":16,"column":4},"end":{"line":22,"column":5}},"4":{"start":{"line":17,"column":19},"end":{"line":17,"column":46}},"5":{"start":{"line":18,"column":22},"end":{"line":18,"column":34}},"6":{"start":{"line":19,"column":6},"end":{"line":19,"column":25}},"7":{"start":{"line":21,"column":6},"end":{"line":21,"column":37}},"8":{"start":{"line":25,"column":2},"end":{"line":27,"column":9}},"9":{"start":{"line":26,"column":4},"end":{"line":26,"column":18}},"10":{"start":{"line":30,"column":25},"end":{"line":36,"column":4}},"11":{"start":{"line":31,"column":4},"end":{"line":35,"column":6}},"12":{"start":{"line":38,"column":2},"end":{"line":58,"column":4}}},"fnMap":{"0":{"name":"(anonymous_0)","decl":{"start":{"line":11,"column":20},"end":{"line":11,"column":21}},"loc":{"start":{"line":11,"column":26},"end":{"line":59,"column":1}},"line":11},"1":{"name":"fetchMovies","decl":{"start":{"line":15,"column":17},"end":{"line":15,"column":28}},"loc":{"start":{"line":15,"column":31},"end":{"line":23,"column":3}},"line":15},"2":{"name":"(anonymous_2)","decl":{"start":{"line":25,"column":12},"end":{"line":25,"column":13}},"loc":{"start":{"line":25,"column":18},"end":{"line":27,"column":3}},"line":25},"3":{"name":"(anonymous_3)","decl":{"start":{"line":30,"column":36},"end":{"line":30,"column":37}},"loc":{"start":{"line":30,"column":43},"end":{"line":36,"column":3}},"line":30}},"branchMap":{"0":{"loc":{"start":{"line":45,"column":11},"end":{"line":54,"column":11}},"type":"cond-expr","locations":[{"start":{"line":46,"column":12},"end":{"line":46,"column":45}},{"start":{"line":48,"column":12},"end":{"line":53,"column":18}}],"line":45}},"s":{"0":1,"1":9,"2":9,"3":5,"4":5,"5":1,"6":1,"7":4,"8":9,"9":5,"10":9,"11":20,"12":9},"f":{"0":9,"1":5,"2":5,"3":20},"b":{"0":[6,3]},"_coverageSchema":"1a1c01bbd47fc00a2c39e90264f33305004495a9","hash":"56b56379540a993afbc620a2122b1557b084690e"}
,"C:\\Users\\Xavia\\OneDrive\\Documents\\All Coding Stuff\\Cinemern\\client\\src\\services\\movies.services.js": {"path":"C:\\Users\\Xavia\\OneDrive\\Documents\\All Coding Stuff\\Cinemern\\client\\src\\services\\movies.services.js","statementMap":{"0":{"start":{"line":4,"column":14},"end":{"line":4,"column":56}},"1":{"start":{"line":5,"column":2},"end":{"line":17,"column":3}},"2":{"start":{"line":6,"column":21},"end":{"line":6,"column":41}},"3":{"start":{"line":7,"column":4},"end":{"line":7,"column":25}},"4":{"start":{"line":9,"column":23},"end":{"line":9,"column":28}},"5":{"start":{"line":10,"column":19},"end":{"line":10,"column":42}},"6":{"start":{"line":12,"column":4},"end":{"line":14,"column":5}},"7":{"start":{"line":13,"column":6},"end":{"line":13,"column":43}},"8":{"start":{"line":16,"column":4},"end":{"line":16,"column":35}}},"fnMap":{"0":{"name":"getNowPlayingMovies","decl":{"start":{"line":3,"column":15},"end":{"line":3,"column":34}},"loc":{"start":{"line":3,"column":37},"end":{"line":18,"column":1}},"line":3}},"branchMap":{"0":{"loc":{"start":{"line":12,"column":4},"end":{"line":14,"column":5}},"type":"if","locations":[{"start":{"line":12,"column":4},"end":{"line":14,"column":5}},{"start":{},"end":{}}],"line":12},"1":{"loc":{"start":{"line":12,"column":8},"end":{"line":12,"column":45}},"type":"binary-expr","locations":[{"start":{"line":12,"column":8},"end":{"line":12,"column":14}},{"start":{"line":12,"column":18},"end":{"line":12,"column":45}}],"line":12}},"s":{"0":5,"1":5,"2":5,"3":1,"4":4,"5":4,"6":4,"7":1,"8":3},"f":{"0":5},"b":{"0":[1,3],"1":[4,1]},"_coverageSchema":"1a1c01bbd47fc00a2c39e90264f33305004495a9","hash":"dc7134f58e41e466864a69c8264204df100b04ec"}
}
