TN:
SF:fileMock.cjs
FNF:0
FNH:0
DA:1,1
LF:1
LH:1
BRF:0
BRH:0
end_of_record
TN:
SF:styleMock.cjs
FNF:0
FNH:0
DA:1,1
LF:1
LH:1
BRF:0
BRH:0
end_of_record
TN:
SF:src\components\ScreenMovieSlide\ScreenMovieSlide.jsx
FN:7,(anonymous_0)
FNF:1
FNH:1
FNDA:20,(anonymous_0)
DA:7,1
DA:8,20
DA:10,20
LF:3
LH:3
BRF:0
BRH:0
end_of_record
TN:
SF:src\context\SideNavigationContext.jsx
FN:5,(anonymous_0)
FNF:1
FNH:1
FNDA:11,(anonymous_0)
DA:3,1
DA:5,1
DA:6,11
DA:8,11
LF:4
LH:4
BRF:0
BRH:0
end_of_record
TN:
SF:src\layouts\Header\Header.jsx
FN:11,(anonymous_0)
FN:35,(anonymous_1)
FN:59,(anonymous_2)
FN:59,(anonymous_3)
FN:89,(anonymous_4)
FN:90,(anonymous_5)
FNF:6
FNH:6
FNDA:12,(anonymous_0)
FNDA:36,(anonymous_1)
FNDA:1,(anonymous_2)
FNDA:1,(anonymous_3)
FNDA:1,(anonymous_4)
FNDA:1,(anonymous_5)
DA:11,1
DA:12,12
DA:13,12
DA:16,12
DA:35,12
DA:36,36
DA:49,12
DA:59,1
DA:90,1
LF:9
LH:9
BRDA:66,0,0,12
BRDA:66,0,1,1
BRF:2
BRH:2
end_of_record
TN:
SF:src\layouts\SideNavigation\SideNavigation.jsx
FN:12,(anonymous_0)
FN:40,(anonymous_1)
FN:65,(anonymous_2)
FNF:3
FNH:3
FNDA:11,(anonymous_0)
FNDA:44,(anonymous_1)
FNDA:1,(anonymous_2)
DA:12,1
DA:13,11
DA:16,11
DA:40,11
DA:41,44
DA:54,11
DA:65,1
LF:7
LH:7
BRDA:57,0,0,2
BRDA:57,0,1,9
BRF:2
BRH:2
end_of_record
TN:
SF:src\mocks\mockdata\nowPlayingMovies.mockdata.js
FNF:0
FNH:0
LF:0
LH:0
BRF:0
BRH:0
end_of_record
TN:
SF:src\pages\Home\Home.jsx
FN:11,(anonymous_0)
FN:15,fetchMovies
FN:25,(anonymous_2)
FN:30,(anonymous_3)
FNF:4
FNH:4
FNDA:9,(anonymous_0)
FNDA:5,fetchMovies
FNDA:5,(anonymous_2)
FNDA:20,(anonymous_3)
DA:11,1
DA:12,9
DA:13,9
DA:16,5
DA:17,5
DA:18,1
DA:19,1
DA:21,4
DA:25,9
DA:26,5
DA:30,9
DA:31,20
DA:38,9
LF:13
LH:13
BRDA:45,0,0,6
BRDA:45,0,1,3
BRF:2
BRH:2
end_of_record
TN:
SF:src\services\movies.services.js
FN:3,getNowPlayingMovies
FNF:1
FNH:1
FNDA:5,getNowPlayingMovies
DA:4,5
DA:5,5
DA:6,5
DA:7,1
DA:9,4
DA:10,4
DA:12,4
DA:13,1
DA:16,3
LF:9
LH:9
BRDA:12,0,0,1
BRDA:12,0,1,3
BRDA:12,1,0,4
BRDA:12,1,1,1
BRF:4
BRH:4
end_of_record
